[2024-11-06 10:33:21,606] 66 root - INFO -Splitting the data using selected strategy <src.components.data_splitter.CustomDataSplittingStrategy object at 0x00000227141B7310>
[2024-11-06 11:28:57,069] 83 absl - WARNING -You are saving your model as an HDF5 file via `model.save()` or `keras.saving.save_model(model)`. This file format is considered legacy. We recommend using instead the native Keras format, e.g. `model.save('my_model.keras')` or `keras.saving.save_model(model, 'my_model.keras')`. 
[2024-11-06 11:30:13,690] 256 absl - WARNING -Compiled the loaded model, but the compiled metrics have yet to be built. `model.compile_metrics` will be empty until you train or evaluate the model.
[2024-11-06 13:17:15,970] 66 root - INFO -Splitting the data using selected strategy <src.components.data_splitter.CustomDataSplittingStrategy object at 0x000002272EBCA110>
[2024-11-06 13:20:47,440] 83 absl - WARNING -You are saving your model as an HDF5 file via `model.save()` or `keras.saving.save_model(model)`. This file format is considered legacy. We recommend using instead the native Keras format, e.g. `model.save('my_model.keras')` or `keras.saving.save_model(model, 'my_model.keras')`. 
[2024-11-06 14:08:25,169] 83 absl - WARNING -You are saving your model as an HDF5 file via `model.save()` or `keras.saving.save_model(model)`. This file format is considered legacy. We recommend using instead the native Keras format, e.g. `model.save('my_model.keras')` or `keras.saving.save_model(model, 'my_model.keras')`. 
[2024-11-06 14:08:39,822] 83 absl - WARNING -You are saving your model as an HDF5 file via `model.save()` or `keras.saving.save_model(model)`. This file format is considered legacy. We recommend using instead the native Keras format, e.g. `model.save('my_model.keras')` or `keras.saving.save_model(model, 'my_model.keras')`. 
[2024-11-06 14:57:59,645] 66 root - INFO -Splitting the data using selected strategy <src.components.data_splitter.CustomDataSplittingStrategy object at 0x00000227365789D0>
[2024-11-06 15:52:53,244] 83 absl - WARNING -You are saving your model as an HDF5 file via `model.save()` or `keras.saving.save_model(model)`. This file format is considered legacy. We recommend using instead the native Keras format, e.g. `model.save('my_model.keras')` or `keras.saving.save_model(model, 'my_model.keras')`. 
[2024-11-06 15:53:04,201] 83 absl - WARNING -You are saving your model as an HDF5 file via `model.save()` or `keras.saving.save_model(model)`. This file format is considered legacy. We recommend using instead the native Keras format, e.g. `model.save('my_model.keras')` or `keras.saving.save_model(model, 'my_model.keras')`. 
[2024-11-06 15:53:27,545] 256 absl - WARNING -Compiled the loaded model, but the compiled metrics have yet to be built. `model.compile_metrics` will be empty until you train or evaluate the model.
[2024-11-06 16:01:08,166] 223 matplotlib.category - INFO -Using categorical units to plot a list of strings that are all parsable as floats or dates. If these strings should be plotted as numbers, cast to the appropriate data type before plotting.
[2024-11-06 16:01:08,236] 223 matplotlib.category - INFO -Using categorical units to plot a list of strings that are all parsable as floats or dates. If these strings should be plotted as numbers, cast to the appropriate data type before plotting.
[2024-11-06 16:02:14,413] 223 matplotlib.category - INFO -Using categorical units to plot a list of strings that are all parsable as floats or dates. If these strings should be plotted as numbers, cast to the appropriate data type before plotting.
[2024-11-06 16:02:14,501] 223 matplotlib.category - INFO -Using categorical units to plot a list of strings that are all parsable as floats or dates. If these strings should be plotted as numbers, cast to the appropriate data type before plotting.
[2024-11-08 19:49:02,520] 256 absl - WARNING -Compiled the loaded model, but the compiled metrics have yet to be built. `model.compile_metrics` will be empty until you train or evaluate the model.
[2024-11-08 19:50:21,447] 66 root - INFO -Splitting the data using selected strategy <src.components.data_splitter.CustomDataSplittingStrategy object at 0x000002274A4BCF10>
[2024-11-08 19:53:29,114] 66 root - INFO -Splitting the data using selected strategy <src.components.data_splitter.CustomDataSplittingStrategy object at 0x000002274BEED390>
[2024-11-09 14:45:36,182] 83 absl - WARNING -You are saving your model as an HDF5 file via `model.save()` or `keras.saving.save_model(model)`. This file format is considered legacy. We recommend using instead the native Keras format, e.g. `model.save('my_model.keras')` or `keras.saving.save_model(model, 'my_model.keras')`. 
[2024-11-09 16:27:46,784] 66 root - INFO -Splitting the data using selected strategy <src.components.data_splitter.CustomDataSplittingStrategy object at 0x00000227542B35D0>
[2024-11-09 16:29:07,439] 66 root - INFO -Splitting the data using selected strategy <src.components.data_splitter.CustomDataSplittingStrategy object at 0x0000022759655C90>
[2024-11-09 16:30:38,378] 83 absl - WARNING -You are saving your model as an HDF5 file via `model.save()` or `keras.saving.save_model(model)`. This file format is considered legacy. We recommend using instead the native Keras format, e.g. `model.save('my_model.keras')` or `keras.saving.save_model(model, 'my_model.keras')`. 
[2024-11-09 16:31:06,783] 83 absl - WARNING -You are saving your model as an HDF5 file via `model.save()` or `keras.saving.save_model(model)`. This file format is considered legacy. We recommend using instead the native Keras format, e.g. `model.save('my_model.keras')` or `keras.saving.save_model(model, 'my_model.keras')`. 
[2024-11-09 16:32:40,105] 83 absl - WARNING -You are saving your model as an HDF5 file via `model.save()` or `keras.saving.save_model(model)`. This file format is considered legacy. We recommend using instead the native Keras format, e.g. `model.save('my_model.keras')` or `keras.saving.save_model(model, 'my_model.keras')`. 
[2024-11-09 16:37:58,282] 66 root - INFO -Splitting the data using selected strategy <src.components.data_splitter.CustomDataSplittingStrategy object at 0x000002274BFBB050>
[2024-11-09 16:39:41,840] 256 absl - WARNING -Compiled the loaded model, but the compiled metrics have yet to be built. `model.compile_metrics` will be empty until you train or evaluate the model.
